<?xml version="1.0" encoding="UTF-8"?>
<!-- Generated by org.testng.reporters.JUnitReportReporter -->
<testsuite hostname="DESKTOP-BTKTBJO" failures="0" tests="1" name="testCases.TC_002_LoginTest" time="6.656" errors="0" timestamp="2023-12-07T18:18:08 EST" skipped="0">
  <testcase classname="testCases.TC_002_LoginTest" name="test_login" time="6.656"/>
</testsuite> <!-- testCases.TC_002_LoginTest -->
