<?xml version="1.0" encoding="UTF-8"?>
<!-- Generated by org.testng.reporters.JUnitReportReporter -->
<testsuite hostname="DESKTOP-BTKTBJO" failures="0" tests="1" name="testCases.TC_001_AccountRegistraionTest" time="7.931" errors="0" timestamp="2023-12-07T18:18:08 EST" skipped="0">
  <testcase classname="testCases.TC_001_AccountRegistraionTest" name="test_account_Registraion" time="7.931"/>
</testsuite> <!-- testCases.TC_001_AccountRegistraionTest -->
